c:\users\denys_bohdan\appdata\local\programs\git\ci-server-course-work\com\sample1\releasemindependency\sample1.pch
c:\users\denys_bohdan\appdata\local\programs\git\ci-server-course-work\com\sample1\releasemindependency\vc141.pdb
c:\users\denys_bohdan\appdata\local\programs\git\ci-server-course-work\com\sample1\releasemindependency\stdafx.obj
c:\users\denys_bohdan\appdata\local\programs\git\ci-server-course-work\com\sample1\releasemindependency\sample1.obj
c:\users\denys_bohdan\appdata\local\programs\git\ci-server-course-work\com\sample1\releasemindependency\cgreet.obj
c:\users\denys_bohdan\appdata\local\programs\git\ci-server-course-work\com\sample1\releasemindependency\sample1.dll
c:\users\denys_bohdan\appdata\local\programs\git\ci-server-course-work\com\sample1\releasemindependency\sample1.pdb
c:\users\denys_bohdan\appdata\local\programs\git\ci-server-course-work\com\sample1\sample1.tlb
c:\users\denys_bohdan\appdata\local\programs\git\ci-server-course-work\com\sample1\sample1_p.c
c:\users\denys_bohdan\appdata\local\programs\git\ci-server-course-work\com\sample1\sample1_i.c
c:\users\denys_bohdan\appdata\local\programs\git\ci-server-course-work\com\sample1\sample1.h
c:\users\denys_bohdan\appdata\local\programs\git\ci-server-course-work\com\sample1\releasemindependency\sample1.res
c:\users\denys_bohdan\appdata\local\programs\git\ci-server-course-work\com\sample1\releasemindependency\sample1.lib
c:\users\denys_bohdan\appdata\local\programs\git\ci-server-course-work\com\sample1\releasemindependency\sample1.exp
c:\users\denys_bohdan\appdata\local\programs\git\ci-server-course-work\com\sample1\.\releasemindependency\sample1.dll
c:\users\denys_bohdan\appdata\local\programs\git\ci-server-course-work\com\sample1\releasemindependency\sample1.tlog\cl.command.1.tlog
c:\users\denys_bohdan\appdata\local\programs\git\ci-server-course-work\com\sample1\releasemindependency\sample1.tlog\cl.read.1.tlog
c:\users\denys_bohdan\appdata\local\programs\git\ci-server-course-work\com\sample1\releasemindependency\sample1.tlog\cl.write.1.tlog
c:\users\denys_bohdan\appdata\local\programs\git\ci-server-course-work\com\sample1\releasemindependency\sample1.tlog\link.command.1.tlog
c:\users\denys_bohdan\appdata\local\programs\git\ci-server-course-work\com\sample1\releasemindependency\sample1.tlog\link.read.1.tlog
c:\users\denys_bohdan\appdata\local\programs\git\ci-server-course-work\com\sample1\releasemindependency\sample1.tlog\link.write.1.tlog
c:\users\denys_bohdan\appdata\local\programs\git\ci-server-course-work\com\sample1\releasemindependency\sample1.tlog\midl.command.1.tlog
c:\users\denys_bohdan\appdata\local\programs\git\ci-server-course-work\com\sample1\releasemindependency\sample1.tlog\midl.read.1.tlog
c:\users\denys_bohdan\appdata\local\programs\git\ci-server-course-work\com\sample1\releasemindependency\sample1.tlog\midl.write.1.tlog
c:\users\denys_bohdan\appdata\local\programs\git\ci-server-course-work\com\sample1\releasemindependency\sample1.tlog\rc.command.1.tlog
c:\users\denys_bohdan\appdata\local\programs\git\ci-server-course-work\com\sample1\releasemindependency\sample1.tlog\rc.read.1.tlog
c:\users\denys_bohdan\appdata\local\programs\git\ci-server-course-work\com\sample1\releasemindependency\sample1.tlog\rc.write.1.tlog
c:\users\denys_bohdan\appdata\local\programs\git\ci-server-course-work\com\sample1\releasemindependency\sample1.tlog\sample1.write.1u.tlog
